<?xml version="1.0" encoding="UTF-8"?>
<!-- Generated by org.testng.reporters.JUnitReportReporter -->
<testsuite hostname="LAPTOP-P98PEDJC" failures="0" tests="1" name="com.adactin.Adactin" time="26.968" errors="0" timestamp="2024-05-27T15:52:23 IST" skipped="0">
  <testcase classname="com.adactin.Adactin" name="searchAndBookHotel" time="26.968"/>
</testsuite> <!-- com.adactin.Adactin -->
